<<<<<<< HEAD
2017-10-10T01:17:28.163Z - info: Initializing jsreport@1.8.2 in development mode using configuration file dev.config.json
2017-10-10T01:17:28.207Z - info: Setting process based strategy for rendering. Please visit http://jsreport.net/learn/configuration for information how to get more performance.
2017-10-10T01:17:28.415Z - info: Searching for available extensions in D:\xampp\htdocs\megatrend\
2017-10-10T01:17:28.419Z - info: Extensions location cache not found, crawling directories
2017-10-10T01:20:32.534Z - info: Found 30 extensions
2017-10-10T01:20:32.840Z - info: Using extension import-export
2017-10-10T01:20:41.120Z - info: Using extension tags
2017-10-10T01:20:41.276Z - info: Using extension templates
2017-10-10T01:20:42.143Z - info: Using extension jsrender
2017-10-10T01:20:42.148Z - info: Using extension cli
2017-10-10T01:20:42.152Z - info: Using extension handlebars
2017-10-10T01:20:42.257Z - info: Using extension debug
2017-10-10T01:20:42.304Z - info: Using extension express
2017-10-10T01:20:45.959Z - info: Using extension fop-pdf
2017-10-10T01:20:46.650Z - info: Using extension phantom-pdf
2017-10-10T01:20:47.800Z - info: Using extension fs-store
2017-10-10T01:20:53.756Z - info: Using extension authorization
2017-10-10T01:20:54.431Z - info: Using extension images
2017-10-10T01:20:55.202Z - info: Using extension child-templates
2017-10-10T01:20:56.014Z - info: Using extension browser-client
2017-10-10T01:20:56.065Z - info: Using extension licensing
2017-10-10T01:20:57.800Z - info: Using extension data
2017-10-10T01:20:58.640Z - info: Using extension text
2017-10-10T01:20:58.708Z - info: Using extension reports
2017-10-10T01:20:59.486Z - info: Using extension resources
2017-10-10T01:21:00.153Z - info: Using extension base
2017-10-10T01:21:00.198Z - info: Using extension studio
2017-10-10T01:21:02.741Z - info: Using extension html-to-xlsx
2017-10-10T01:21:05.063Z - info: Using extension scripts
2017-10-10T01:21:05.850Z - info: Using extension assets
2017-10-10T01:21:06.404Z - info: Using extension scheduling
2017-10-10T01:21:07.423Z - info: Using extension xlsx
2017-10-10T01:21:12.203Z - info: Using extension sample-template
2017-10-10T01:21:12.974Z - info: Using extension public-templates
2017-10-10T01:21:13.994Z - info: Initializing fs storage at D:\xampp\htdocs\megatrend\data
2017-10-10T01:21:14.368Z - info: Creating default express app.
2017-10-10T01:21:16.495Z - info: jsreport server successfully started on http port: 5488
2017-10-10T01:21:16.688Z - info: Verifying license key free
2017-10-10T01:21:16.690Z - info: Using free license
2017-10-10T01:21:17.975Z - info: reporter initialized
2017-10-10T02:19:37.532Z - info: Initializing jsreport@1.8.2 in development mode using configuration file dev.config.json
2017-10-10T02:19:37.535Z - info: Setting process based strategy for rendering. Please visit http://jsreport.net/learn/configuration for information how to get more performance.
2017-10-10T02:19:37.598Z - info: Searching for available extensions in D:\xampp\htdocs\megatrend\
2017-10-10T02:19:37.904Z - info: Extensions location cache contains up to date information, skipping crawling in D:\xampp\htdocs\megatrend\node_modules\
2017-10-10T02:20:00.320Z - info: Found 30 extensions
2017-10-10T02:20:00.759Z - info: Using extension import-export
2017-10-10T02:20:07.357Z - info: Using extension tags
2017-10-10T02:20:07.532Z - info: Using extension templates
2017-10-10T02:20:09.196Z - info: Using extension jsrender
2017-10-10T02:20:09.205Z - info: Using extension cli
2017-10-10T02:20:09.223Z - info: Using extension handlebars
2017-10-10T02:20:09.299Z - info: Using extension debug
2017-10-10T02:20:09.336Z - info: Using extension express
2017-10-10T02:20:14.382Z - info: Using extension fop-pdf
2017-10-10T02:20:15.752Z - info: Using extension phantom-pdf
2017-10-10T02:20:17.295Z - info: Using extension fs-store
2017-10-10T02:20:26.190Z - info: Using extension authorization
2017-10-10T02:20:27.195Z - info: Using extension images
2017-10-10T02:20:28.349Z - info: Using extension child-templates
2017-10-10T02:20:29.768Z - info: Using extension browser-client
2017-10-10T02:20:29.956Z - info: Using extension licensing
2017-10-10T02:20:32.679Z - info: Using extension data
2017-10-10T02:20:33.765Z - info: Using extension text
2017-10-10T02:20:33.799Z - info: Using extension reports
2017-10-10T02:20:34.819Z - info: Using extension resources
2017-10-10T02:20:35.800Z - info: Using extension base
2017-10-10T02:20:35.822Z - info: Using extension studio
2017-10-10T02:20:38.730Z - info: Using extension html-to-xlsx
2017-10-10T02:20:41.730Z - info: Using extension scripts
2017-10-10T02:20:42.590Z - info: Using extension assets
2017-10-10T02:20:43.727Z - info: Using extension scheduling
2017-10-10T02:20:45.232Z - info: Using extension xlsx
2017-10-10T02:20:51.297Z - info: Using extension sample-template
2017-10-10T02:20:52.206Z - info: Using extension public-templates
2017-10-10T02:20:53.078Z - info: Initializing fs storage at D:\xampp\htdocs\megatrend\data
2017-10-10T02:20:53.809Z - info: Creating default express app.
2017-10-10T02:20:55.806Z - info: jsreport server successfully started on http port: 5488
2017-10-10T02:20:55.939Z - info: Verifying license key free
2017-10-10T02:20:55.945Z - info: Using free license
2017-10-10T02:20:55.954Z - info: reporter initialized
2017-10-10T02:21:55.263Z - warn: Unable to upsert an entity during the import Error: Duplicated entry for key Invoice
2017-10-10T02:21:55.270Z - warn: Unable to upsert an entity during the import Error: Duplicated entry for key Population
2017-10-10T02:21:55.420Z - warn: Unable to upsert an entity during the import Error: Duplicated entry for key Orders
2017-10-10T02:21:56.212Z - warn: Unable to upsert an entity during the import Error: Duplicated entry for key Population
2017-10-10T02:21:56.384Z - warn: Unable to upsert an entity during the import Error: Duplicated entry for key Invoice
2017-10-10T02:21:56.394Z - warn: Unable to upsert an entity during the import Error: Duplicated entry for key Orders
2017-10-10T02:21:56.522Z - warn: Unable to upsert an entity during the import Error: Duplicated entry for key global helpers.js
2017-10-10T02:21:56.576Z - warn: Unable to upsert an entity during the import Error: Duplicated entry for key Invoice logo.png
2017-10-10T02:21:56.622Z - warn: Unable to upsert an entity during the import Error: Duplicated entry for key Invoice styles.css
2017-10-10T02:21:56.955Z - warn: Unable to upsert an entity during the import Error: Duplicated entry for key Population
2017-10-10T02:22:15.785Z - info: Starting rendering request 1 (user: null) requestId=1
2017-10-10T02:22:15.794Z - info: Rendering template {shortid:rkJTnK2ce, recipe:phantom-pdf,engine:handlebars} requestId=1
2017-10-10T02:22:33.330Z - info: Rendering request 1 finished in 17548 ms requestId=1
2017-10-10T02:23:55.278Z - error: Error during processing request: http://localhost:5488/api/report/ details: Unexpected token t SyntaxError: Unexpected token t
    at parse (D:\xampp\htdocs\megatrend\node_modules\jsreport-express\node_modules\body-parser\lib\types\json.js:83:15)
    at D:\xampp\htdocs\megatrend\node_modules\jsreport-express\node_modules\body-parser\lib\read.js:116:18
    at invokeCallback (D:\xampp\htdocs\megatrend\node_modules\jsreport-express\node_modules\raw-body\index.js:262:16)
    at done (D:\xampp\htdocs\megatrend\node_modules\jsreport-express\node_modules\raw-body\index.js:251:7)
    at IncomingMessage.onEnd (D:\xampp\htdocs\megatrend\node_modules\jsreport-express\node_modules\raw-body\index.js:307:7)
    at emitNone (events.js:105:13)
    at IncomingMessage.emit (events.js:207:7)
    at endReadableNT (_stream_readable.js:1059:12)
    at _combinedTickCallback (internal/process/next_tick.js:138:11)
    at process._tickCallback (internal/process/next_tick.js:180:9)
2017-10-10T02:28:55.787Z - error: Error during processing request: http://localhost:5488/api/report/ details: Unexpected token t SyntaxError: Unexpected token t
    at parse (D:\xampp\htdocs\megatrend\node_modules\jsreport-express\node_modules\body-parser\lib\types\json.js:83:15)
    at D:\xampp\htdocs\megatrend\node_modules\jsreport-express\node_modules\body-parser\lib\read.js:116:18
    at invokeCallback (D:\xampp\htdocs\megatrend\node_modules\jsreport-express\node_modules\raw-body\index.js:262:16)
    at done (D:\xampp\htdocs\megatrend\node_modules\jsreport-express\node_modules\raw-body\index.js:251:7)
    at IncomingMessage.onEnd (D:\xampp\htdocs\megatrend\node_modules\jsreport-express\node_modules\raw-body\index.js:307:7)
    at emitNone (events.js:105:13)
    at IncomingMessage.emit (events.js:207:7)
    at endReadableNT (_stream_readable.js:1059:12)
    at _combinedTickCallback (internal/process/next_tick.js:138:11)
    at process._tickCallback (internal/process/next_tick.js:180:9)
2017-10-10T02:30:23.654Z - error: Error during processing request: http://localhost:5488/api/report/ details: Unexpected token t SyntaxError: Unexpected token t
    at parse (D:\xampp\htdocs\megatrend\node_modules\jsreport-express\node_modules\body-parser\lib\types\json.js:83:15)
    at D:\xampp\htdocs\megatrend\node_modules\jsreport-express\node_modules\body-parser\lib\read.js:116:18
    at invokeCallback (D:\xampp\htdocs\megatrend\node_modules\jsreport-express\node_modules\raw-body\index.js:262:16)
    at done (D:\xampp\htdocs\megatrend\node_modules\jsreport-express\node_modules\raw-body\index.js:251:7)
    at IncomingMessage.onEnd (D:\xampp\htdocs\megatrend\node_modules\jsreport-express\node_modules\raw-body\index.js:307:7)
    at emitNone (events.js:105:13)
    at IncomingMessage.emit (events.js:207:7)
    at endReadableNT (_stream_readable.js:1059:12)
    at _combinedTickCallback (internal/process/next_tick.js:138:11)
    at process._tickCallback (internal/process/next_tick.js:180:9)
2017-10-10T02:32:32.336Z - info: Starting rendering request 2 (user: null) requestId=2
2017-10-10T02:32:32.341Z - info: Starting rendering request 3 (user: null) requestId=3
2017-10-10T02:32:32.374Z - info: Rendering template {shortid:rkJTnK2ce, recipe:phantom-pdf,engine:handlebars} requestId=2
2017-10-10T02:32:32.431Z - info: Rendering template {shortid:rkJTnK2ce, recipe:phantom-pdf,engine:handlebars} requestId=3
2017-10-10T02:32:41.839Z - info: Rendering request 2 finished in 9488 ms requestId=2
2017-10-10T02:32:41.852Z - info: Rendering request 3 finished in 9511 ms requestId=3
2017-10-10T02:32:54.211Z - info: Starting rendering request 4 (user: null) requestId=4
2017-10-10T02:32:54.213Z - info: Rendering template {shortid:rkJTnK2ce, recipe:phantom-pdf,engine:handlebars} requestId=4
2017-10-10T02:32:58.762Z - info: Rendering request 4 finished in 4549 ms requestId=4
2017-10-10T07:23:27.046Z - info: Initializing jsreport@1.8.2 in development mode using configuration file dev.config.json
2017-10-10T07:23:27.048Z - info: Setting process based strategy for rendering. Please visit http://jsreport.net/learn/configuration for information how to get more performance.
2017-10-10T07:23:27.103Z - info: Searching for available extensions in D:\xampp\htdocs\megatrend\
2017-10-10T07:23:27.673Z - info: Extensions location cache contains up to date information, skipping crawling in D:\xampp\htdocs\megatrend\node_modules\
2017-10-10T07:23:43.923Z - info: Found 30 extensions
2017-10-10T07:23:43.962Z - info: Using extension import-export
2017-10-10T07:23:49.021Z - info: Using extension tags
2017-10-10T07:23:49.136Z - info: Using extension templates
2017-10-10T07:23:49.921Z - info: Using extension jsrender
2017-10-10T07:23:49.923Z - info: Using extension cli
2017-10-10T07:23:49.931Z - info: Using extension handlebars
2017-10-10T07:23:49.993Z - info: Using extension debug
2017-10-10T07:23:50.014Z - info: Using extension express
2017-10-10T07:23:53.538Z - info: Using extension fop-pdf
2017-10-10T07:23:54.513Z - info: Using extension phantom-pdf
2017-10-10T07:23:55.742Z - info: Using extension fs-store
2017-10-10T07:24:01.768Z - info: Using extension authorization
2017-10-10T07:24:02.600Z - info: Using extension images
2017-10-10T07:24:03.480Z - info: Using extension child-templates
2017-10-10T07:24:04.384Z - info: Using extension browser-client
2017-10-10T07:24:04.499Z - info: Using extension licensing
2017-10-10T07:24:07.002Z - info: Using extension data
2017-10-10T07:24:07.864Z - info: Using extension text
2017-10-10T07:24:07.877Z - info: Using extension reports
2017-10-10T07:24:08.750Z - info: Using extension resources
2017-10-10T07:24:09.441Z - info: Using extension base
2017-10-10T07:24:09.466Z - info: Using extension studio
2017-10-10T07:24:11.584Z - info: Using extension html-to-xlsx
2017-10-10T07:24:13.815Z - info: Using extension scripts
2017-10-10T07:24:14.452Z - info: Using extension assets
2017-10-10T07:24:17.121Z - info: Using extension scheduling
2017-10-10T07:24:18.332Z - info: Using extension xlsx
2017-10-10T07:24:23.338Z - info: Using extension sample-template
2017-10-10T07:24:24.071Z - info: Using extension public-templates
2017-10-10T07:24:24.851Z - info: Initializing fs storage at D:\xampp\htdocs\megatrend\data
2017-10-10T07:24:25.567Z - info: Creating default express app.
2017-10-10T07:24:27.181Z - info: jsreport server successfully started on http port: 5488
2017-10-10T07:24:27.303Z - info: Verifying license key free
2017-10-10T07:24:27.307Z - info: Using free license
2017-10-10T07:24:27.310Z - info: reporter initialized
2017-10-10T07:37:43.256Z - info: Starting rendering request 1 (user: null) requestId=1
2017-10-10T07:37:43.260Z - info: Rendering template {shortid:rkJTnK2ce, recipe:xlsx,engine:handlebars} requestId=1
2017-10-10T07:37:48.475Z - warn: Unable to parse xlsx template JSON string (maybe you are missing {{{xlsxPrint}}} at the end?): 
<!-- 
Invoice dynamically rendered into html using handlebars and converted into pdf
using phantom... 
SyntaxError: Unexpected token < in JSON at position 0
    at JSON.parse (<anonymous>)
    at Object.exports.default [as execute] (D:\xampp\htdocs\megatrend\node_modules\jsreport-xlsx\lib\recipe.js:13:24)
    at D:\xampp\htdocs\megatrend\node_modules\jsreport-core\lib\render\render.js:117:23
    at tryCatcher (D:\xampp\htdocs\megatrend\node_modules\jsreport-core\node_modules\bluebird\js\release\util.js:16:23)
    at Promise._settlePromiseFromHandler (D:\xampp\htdocs\megatrend\node_modules\jsreport-core\node_modules\bluebird\js\release\promise.js:512:31)
    at Promise._settlePromise (D:\xampp\htdocs\megatrend\node_modules\jsreport-core\node_modules\bluebird\js\release\promise.js:569:18)
    at Promise._settlePromise0 (D:\xampp\htdocs\megatrend\node_modules\jsreport-core\node_modules\bluebird\js\release\promise.js:614:10)
    at Promise._settlePromises (D:\xampp\htdocs\megatrend\node_modules\jsreport-core\node_modules\bluebird\js\release\promise.js:693:18)
    at Async._drainQueue (D:\xampp\htdocs\megatrend\node_modules\jsreport-core\node_modules\bluebird\js\release\async.js:133:16)
    at Async._drainQueues (D:\xampp\htdocs\megatrend\node_modules\jsreport-core\node_modules\bluebird\js\release\async.js:143:10)
    at Immediate.Async.drainQueues (D:\xampp\htdocs\megatrend\node_modules\jsreport-core\node_modules\bluebird\js\release\async.js:17:14)
    at runCallback (timers.js:781:20)
    at tryOnImmediate (timers.js:743:5)
    at processImmediate [as _immediateCallback] (timers.js:714:5) requestId=1
2017-10-10T07:37:48.574Z - warn: Error when processing render request Error during rendering report: Unable to parse xlsx template JSON string (maybe you are missing {{{xlsxPrint}}} at the end?): 
<!-- 
Invoice dynamically rendered into html using handlebars and converted into pdf
using phantom... Error: Unable to parse xlsx template JSON string (maybe you are missing {{{xlsxPrint}}} at the end?): 
<!-- 
Invoice dynamically rendered into html using handlebars and converted into pdf
using phantom...
    at D:\xampp\htdocs\megatrend\node_modules\jsreport-xlsx\lib\fallback.js:67:17
    at tryCatcher (D:\xampp\htdocs\megatrend\node_modules\jsreport-xlsx\node_modules\bluebird\js\release\util.js:16:23)
    at Promise._settlePromiseFromHandler (D:\xampp\htdocs\megatrend\node_modules\jsreport-xlsx\node_modules\bluebird\js\release\promise.js:512:31)
    at Promise._settlePromise (D:\xampp\htdocs\megatrend\node_modules\jsreport-xlsx\node_modules\bluebird\js\release\promise.js:569:18)
    at Promise._settlePromise0 (D:\xampp\htdocs\megatrend\node_modules\jsreport-xlsx\node_modules\bluebird\js\release\promise.js:614:10)
    at Promise._settlePromises (D:\xampp\htdocs\megatrend\node_modules\jsreport-xlsx\node_modules\bluebird\js\release\promise.js:689:18)
    at Async._drainQueue (D:\xampp\htdocs\megatrend\node_modules\jsreport-xlsx\node_modules\bluebird\js\release\async.js:133:16)
    at Async._drainQueues (D:\xampp\htdocs\megatrend\node_modules\jsreport-xlsx\node_modules\bluebird\js\release\async.js:143:10)
    at Immediate.Async.drainQueues (D:\xampp\htdocs\megatrend\node_modules\jsreport-xlsx\node_modules\bluebird\js\release\async.js:17:14)
    at runCallback (timers.js:781:20)
    at tryOnImmediate (timers.js:743:5)
    at processImmediate [as _immediateCallback] (timers.js:714:5) requestId=1
2017-10-10T07:37:48.576Z - warn: Error during processing request: http://localhost:5488/api/report/Invoice details: Error during rendering report: Unable to parse xlsx template JSON string (maybe you are missing {{{xlsxPrint}}} at the end?): 
<!-- 
Invoice dynamically rendered into html using handlebars and converted into pdf
using phantom... Error: Unable to parse xlsx template JSON string (maybe you are missing {{{xlsxPrint}}} at the end?): 
<!-- 
Invoice dynamically rendered into html using handlebars and converted into pdf
using phantom...
    at D:\xampp\htdocs\megatrend\node_modules\jsreport-xlsx\lib\fallback.js:67:17
    at tryCatcher (D:\xampp\htdocs\megatrend\node_modules\jsreport-xlsx\node_modules\bluebird\js\release\util.js:16:23)
    at Promise._settlePromiseFromHandler (D:\xampp\htdocs\megatrend\node_modules\jsreport-xlsx\node_modules\bluebird\js\release\promise.js:512:31)
    at Promise._settlePromise (D:\xampp\htdocs\megatrend\node_modules\jsreport-xlsx\node_modules\bluebird\js\release\promise.js:569:18)
    at Promise._settlePromise0 (D:\xampp\htdocs\megatrend\node_modules\jsreport-xlsx\node_modules\bluebird\js\release\promise.js:614:10)
    at Promise._settlePromises (D:\xampp\htdocs\megatrend\node_modules\jsreport-xlsx\node_modules\bluebird\js\release\promise.js:689:18)
    at Async._drainQueue (D:\xampp\htdocs\megatrend\node_modules\jsreport-xlsx\node_modules\bluebird\js\release\async.js:133:16)
    at Async._drainQueues (D:\xampp\htdocs\megatrend\node_modules\jsreport-xlsx\node_modules\bluebird\js\release\async.js:143:10)
    at Immediate.Async.drainQueues (D:\xampp\htdocs\megatrend\node_modules\jsreport-xlsx\node_modules\bluebird\js\release\async.js:17:14)
    at runCallback (timers.js:781:20)
    at tryOnImmediate (timers.js:743:5)
    at processImmediate [as _immediateCallback] (timers.js:714:5)
2017-10-10T07:42:22.298Z - info: Starting rendering request 2 (user: null) requestId=2
2017-10-10T07:42:22.302Z - info: Rendering template {shortid:rkJTnK2ce, recipe:html-to-xlsx,engine:handlebars} requestId=2
2017-10-10T07:42:30.169Z - info: Rendering request 2 finished in 7871 ms requestId=2
2017-10-10T07:43:02.465Z - info: Starting rendering request 3 (user: null) requestId=3
2017-10-10T07:43:02.467Z - info: Rendering template {shortid:rkJTnK2ce, recipe:fop-pdf,engine:handlebars} requestId=3
2017-10-10T07:43:03.421Z - info: Rendering fop start. requestId=3
2017-10-10T07:43:03.449Z - info: Rastering pdf child process start. requestId=3
2017-10-10T07:43:03.468Z - info: Rastering pdf child process end. requestId=3
2017-10-10T07:43:03.472Z - error: exec error: Error: spawn fop.bat ENOENT requestId=3
2017-10-10T07:43:03.480Z - warn: Error when processing render request Error during rendering report: spawn fop.bat ENOENT Error: spawn fop.bat ENOENT
    at _errnoException (util.js:1041:11)
    at Process.ChildProcess._handle.onexit (internal/child_process.js:192:19)
    at onErrorNT (internal/child_process.js:374:16)
    at _combinedTickCallback (internal/process/next_tick.js:138:11)
    at process._tickCallback (internal/process/next_tick.js:180:9) requestId=3
2017-10-10T07:43:03.482Z - warn: Error during processing request: http://localhost:5488/api/report/Invoice details: Error during rendering report: spawn fop.bat ENOENT Error: spawn fop.bat ENOENT
    at _errnoException (util.js:1041:11)
    at Process.ChildProcess._handle.onexit (internal/child_process.js:192:19)
    at onErrorNT (internal/child_process.js:374:16)
    at _combinedTickCallback (internal/process/next_tick.js:138:11)
    at process._tickCallback (internal/process/next_tick.js:180:9)
2017-10-10T07:57:31.067Z - info: Starting rendering request 4 (user: null) requestId=4
2017-10-10T07:57:31.070Z - info: Rendering template {shortid:r18kyD83ce, recipe:xlsx,engine:handlebars} requestId=4
2017-10-10T07:57:31.441Z - info: Starting rendering request 5 (user: null) requestId=5
2017-10-10T07:57:31.444Z - info: Rendering template {shortid:r18kyD83ce, recipe:xlsx,engine:handlebars} requestId=5
2017-10-10T07:57:37.915Z - info: Rendering request 5 finished in 6477 ms requestId=5
2017-10-10T07:57:38.130Z - info: Rendering request 4 finished in 7062 ms requestId=4
2017-10-10T08:06:12.874Z - info: Starting rendering request 6 (user: null) requestId=6
2017-10-10T08:06:12.877Z - info: Rendering template {shortid:r18kyD83ce, recipe:xlsx,engine:handlebars} requestId=6
2017-10-10T08:06:27.936Z - error: Error when processing render request Error during rendering report: Timeout error during executing script Error: Timeout error during executing script
    at Timeout._onTimeout (D:\xampp\htdocs\megatrend\node_modules\script-manager\lib\manager-processes.js:24:8)
    at ontimeout (timers.js:469:11)
    at Timer.unrefdHandle (timers.js:580:5) requestId=6
2017-10-10T08:06:27.937Z - error: Error during processing request: http://localhost:5488/api/report/Population details: Error during rendering report: Timeout error during executing script Error: Timeout error during executing script
    at Timeout._onTimeout (D:\xampp\htdocs\megatrend\node_modules\script-manager\lib\manager-processes.js:24:8)
    at ontimeout (timers.js:469:11)
    at Timer.unrefdHandle (timers.js:580:5)
2017-10-10T08:06:44.368Z - info: Starting rendering request 7 (user: null) requestId=7
2017-10-10T08:06:44.370Z - info: Rendering template {shortid:r18kyD83ce, recipe:xlsx,engine:handlebars} requestId=7
2017-10-10T08:06:54.426Z - error: Error when processing render request Error during rendering report: Timeout error during executing script Error: Timeout error during executing script
    at Timeout._onTimeout (D:\xampp\htdocs\megatrend\node_modules\script-manager\lib\manager-processes.js:24:8)
    at ontimeout (timers.js:469:11)
    at Timer.unrefdHandle (timers.js:580:5) requestId=7
2017-10-10T08:06:54.428Z - error: Error during processing request: http://localhost:5488/api/report/Population details: Error during rendering report: Timeout error during executing script Error: Timeout error during executing script
    at Timeout._onTimeout (D:\xampp\htdocs\megatrend\node_modules\script-manager\lib\manager-processes.js:24:8)
    at ontimeout (timers.js:469:11)
    at Timer.unrefdHandle (timers.js:580:5)
2017-10-10T08:14:06.005Z - error: Error when processing OData POST: /odata/templates Error: Duplicated entry for key Invoice
    at D:\xampp\htdocs\megatrend\node_modules\jsreport-fs-store\lib\persistence.js:208:17
    at D:\xampp\htdocs\megatrend\node_modules\jsreport-fs-store\node_modules\async\dist\async.js:3047:16
    at replenish (D:\xampp\htdocs\megatrend\node_modules\jsreport-fs-store\node_modules\async\dist\async.js:982:17)
    at D:\xampp\htdocs\megatrend\node_modules\jsreport-fs-store\node_modules\async\dist\async.js:986:9
    at eachLimit$1 (D:\xampp\htdocs\megatrend\node_modules\jsreport-fs-store\node_modules\async\dist\async.js:3133:22)
    at Object.<anonymous> (D:\xampp\htdocs\megatrend\node_modules\jsreport-fs-store\node_modules\async\dist\async.js:1016:16)
    at Persistence.persistNewState (D:\xampp\htdocs\megatrend\node_modules\jsreport-fs-store\lib\persistence.js:175:9)
    at Datastore._insert (D:\xampp\htdocs\megatrend\node_modules\nedb\lib\datastore.js:353:20)
    at D:\xampp\htdocs\megatrend\node_modules\nedb\lib\executor.js:40:13
    at Immediate.process (D:\xampp\htdocs\megatrend\node_modules\nedb\node_modules\async\lib\async.js:731:21)
    at runCallback (timers.js:781:20)
    at tryOnImmediate (timers.js:743:5)
    at processImmediate [as _immediateCallback] (timers.js:714:5)
2017-10-10T08:14:46.066Z - info: Verifying license key free
2017-10-10T08:14:48.847Z - info: Starting one month enterprise trial
2017-10-10T08:16:04.458Z - info: Starting rendering request 8 (user: null) requestId=8
2017-10-10T08:16:04.462Z - info: Rendering template {shortid:r18kyD83ce, recipe:xlsx,engine:handlebars} requestId=8
2017-10-10T08:16:17.326Z - error: Error when processing render request Error during rendering report: Timeout error during executing script Error: Timeout error during executing script
    at Timeout._onTimeout (D:\xampp\htdocs\megatrend\node_modules\script-manager\lib\manager-processes.js:24:8)
    at ontimeout (timers.js:469:11)
    at Timer.unrefdHandle (timers.js:580:5) requestId=8
2017-10-10T08:16:17.364Z - error: Error during processing request: http://localhost:5488/api/report/Population details: Error during rendering report: Timeout error during executing script Error: Timeout error during executing script
    at Timeout._onTimeout (D:\xampp\htdocs\megatrend\node_modules\script-manager\lib\manager-processes.js:24:8)
    at ontimeout (timers.js:469:11)
    at Timer.unrefdHandle (timers.js:580:5)
2017-10-10T08:16:25.669Z - info: Starting rendering request 9 (user: null) requestId=9
2017-10-10T08:16:25.671Z - info: Rendering template {shortid:r18kyD83ce, recipe:xlsx,engine:handlebars} requestId=9
2017-10-10T08:16:35.735Z - error: Error when processing render request Error during rendering report: Timeout error during executing script Error: Timeout error during executing script
    at Timeout._onTimeout (D:\xampp\htdocs\megatrend\node_modules\script-manager\lib\manager-processes.js:24:8)
    at ontimeout (timers.js:469:11)
    at Timer.unrefdHandle (timers.js:580:5) requestId=9
2017-10-10T08:16:35.738Z - error: Error during processing request: http://localhost:5488/api/report/Population details: Error during rendering report: Timeout error during executing script Error: Timeout error during executing script
    at Timeout._onTimeout (D:\xampp\htdocs\megatrend\node_modules\script-manager\lib\manager-processes.js:24:8)
    at ontimeout (timers.js:469:11)
    at Timer.unrefdHandle (timers.js:580:5)
2017-10-10T08:23:54.166Z - warn: Unable to upsert an entity during the import Error: Duplicated entry for key Invoice
2017-10-10T08:23:54.167Z - warn: Unable to upsert an entity during the import Error: Duplicated entry for key Population
2017-10-10T08:23:54.478Z - warn: Unable to upsert an entity during the import Error: Duplicated entry for key Orders
2017-10-10T08:23:54.905Z - warn: Unable to upsert an entity during the import Error: Duplicated entry for key Population
2017-10-10T08:23:55.153Z - warn: Unable to upsert an entity during the import Error: Duplicated entry for key Invoice
2017-10-10T08:23:55.157Z - warn: Unable to upsert an entity during the import Error: Duplicated entry for key Orders
2017-10-10T08:23:55.290Z - warn: Unable to upsert an entity during the import Error: Duplicated entry for key global helpers.js
2017-10-10T08:23:55.463Z - warn: Unable to upsert an entity during the import Error: Duplicated entry for key Invoice styles.css
2017-10-10T08:23:55.536Z - warn: Unable to upsert an entity during the import Error: Duplicated entry for key Invoice logo.png
2017-10-10T08:23:55.739Z - warn: Unable to upsert an entity during the import Error: Duplicated entry for key Population
2017-10-10T08:24:12.937Z - info: Starting rendering request 10 (user: null) requestId=10
2017-10-10T08:24:12.938Z - info: Rendering template {shortid:r18kyD83ce, recipe:xlsx,engine:handlebars} requestId=10
2017-10-10T08:24:24.579Z - info: Rendering request 10 finished in 11639 ms requestId=10
2017-10-10T08:27:07.451Z - info: Starting rendering request 11 (user: null) requestId=11
2017-10-10T08:27:07.452Z - info: Rendering template {shortid:rkJTnK2ce, recipe:phantom-pdf,engine:handlebars} requestId=11
2017-10-10T08:27:13.369Z - info: Rendering request 11 finished in 5917 ms requestId=11
2017-10-10T08:29:22.964Z - info: Starting rendering request 12 (user: null) requestId=12
2017-10-10T08:29:22.966Z - info: Rendering template {shortid:Hy3_X342Z, recipe:phantom-pdf,engine:handlebars} requestId=12
2017-10-10T08:29:27.712Z - info: Rendering request 12 finished in 4749 ms requestId=12
2017-10-10T08:30:42.935Z - info: Starting rendering request 13 (user: null) requestId=13
2017-10-10T08:30:42.939Z - info: Rendering template {shortid:rkJTnK2ce, recipe:phantom-pdf,engine:handlebars} requestId=13
2017-10-10T08:30:52.004Z - error: Error when processing render request Error during rendering report: items.forEach is not a function evalmachine.<anonymous>:13
    items.forEach(function (i) {
          ^

TypeError: items.forEach is not a function
    at Object.total (evalmachine.<anonymous>:13:11)
    at eval (eval at createFunctionContext (D:\xampp\htdocs\megatrend\node_modules\handlebars\dist\cjs\handlebars\compiler\javascript-compiler.js:254:23), <anonymous>:12:156)
    at prog (D:\xampp\htdocs\megatrend\node_modules\handlebars\dist\cjs\handlebars\runtime.js:219:12)
    at execIteration (D:\xampp\htdocs\megatrend\node_modules\handlebars\dist\cjs\handlebars\helpers\each.js:51:19)
    at Object.<anonymous> (D:\xampp\htdocs\megatrend\node_modules\handlebars\dist\cjs\handlebars\helpers\each.js:61:13)
    at Object.eval [as main] (eval at createFunctionContext (D:\xampp\htdocs\megatrend\node_modules\handlebars\dist\cjs\handlebars\compiler\javascript-compiler.js:254:23), <anonymous>:24:31)
    at main (D:\xampp\htdocs\megatrend\node_modules\handlebars\dist\cjs\handlebars\runtime.js:173:32)
    at ret (D:\xampp\htdocs\megatrend\node_modules\handlebars\dist\cjs\handlebars\runtime.js:176:12)
    at ret (D:\xampp\htdocs\megatrend\node_modules\handlebars\dist\cjs\handlebars\compiler\compiler.js:525:21)
    at D:\xampp\htdocs\megatrend\node_modules\jsreport-handlebars\lib\handlebarsEngine.js:25:14 requestId=13
2017-10-10T08:30:52.008Z - error: Error during processing request: http://localhost:5488/api/report/Invoice details: Error during rendering report: items.forEach is not a function evalmachine.<anonymous>:13
    items.forEach(function (i) {
          ^

TypeError: items.forEach is not a function
    at Object.total (evalmachine.<anonymous>:13:11)
    at eval (eval at createFunctionContext (D:\xampp\htdocs\megatrend\node_modules\handlebars\dist\cjs\handlebars\compiler\javascript-compiler.js:254:23), <anonymous>:12:156)
    at prog (D:\xampp\htdocs\megatrend\node_modules\handlebars\dist\cjs\handlebars\runtime.js:219:12)
    at execIteration (D:\xampp\htdocs\megatrend\node_modules\handlebars\dist\cjs\handlebars\helpers\each.js:51:19)
    at Object.<anonymous> (D:\xampp\htdocs\megatrend\node_modules\handlebars\dist\cjs\handlebars\helpers\each.js:61:13)
    at Object.eval [as main] (eval at createFunctionContext (D:\xampp\htdocs\megatrend\node_modules\handlebars\dist\cjs\handlebars\compiler\javascript-compiler.js:254:23), <anonymous>:24:31)
    at main (D:\xampp\htdocs\megatrend\node_modules\handlebars\dist\cjs\handlebars\runtime.js:173:32)
    at ret (D:\xampp\htdocs\megatrend\node_modules\handlebars\dist\cjs\handlebars\runtime.js:176:12)
    at ret (D:\xampp\htdocs\megatrend\node_modules\handlebars\dist\cjs\handlebars\compiler\compiler.js:525:21)
    at D:\xampp\htdocs\megatrend\node_modules\jsreport-handlebars\lib\handlebarsEngine.js:25:14
2017-10-10T08:37:21.881Z - info: Starting rendering request 14 (user: null) requestId=14
2017-10-10T08:37:21.884Z - info: Rendering template {shortid:rkJTnK2ce, recipe:phantom-pdf,engine:handlebars} requestId=14
2017-10-10T08:37:26.349Z - info: Rendering request 14 finished in 4468 ms requestId=14
2017-10-10T08:46:26.395Z - info: Starting rendering request 15 (user: null) requestId=15
2017-10-10T08:46:26.396Z - info: Rendering template {shortid:rJnKP-92b, recipe:xlsx,engine:handlebars} requestId=15
2017-10-10T08:46:34.102Z - info: Rendering request 15 finished in 7706 ms requestId=15
2017-10-10T08:46:56.774Z - info: Starting rendering request 16 (user: null) requestId=16
2017-10-10T08:46:56.774Z - info: Rendering template {shortid:rJnKP-92b, recipe:xlsx,engine:handlebars} requestId=16
2017-10-10T08:46:59.024Z - info: Rendering request 16 finished in 2251 ms requestId=16
=======
2017-10-07T19:07:49.456Z - info: Initializing jsreport@1.8.2 in development mode using configuration file dev.config.json
2017-10-07T19:07:49.459Z - info: Setting process based strategy for rendering. Please visit http://jsreport.net/learn/configuration for information how to get more performance.
2017-10-07T19:07:49.488Z - info: Searching for available extensions in C:\xampp\htdocs\megatrend\
2017-10-07T19:07:49.495Z - info: Extensions location cache not found, crawling directories
2017-10-07T19:08:24.615Z - info: Found 30 extensions
2017-10-07T19:08:24.688Z - info: Using extension import-export
2017-10-07T19:08:27.279Z - info: Using extension tags
2017-10-07T19:08:27.379Z - info: Using extension templates
2017-10-07T19:08:27.421Z - info: Using extension jsrender
2017-10-07T19:08:27.426Z - info: Using extension cli
2017-10-07T19:08:27.428Z - info: Using extension handlebars
2017-10-07T19:08:27.454Z - info: Using extension debug
2017-10-07T19:08:27.472Z - info: Using extension express
2017-10-07T19:08:28.880Z - info: Using extension fop-pdf
2017-10-07T19:08:28.951Z - info: Using extension phantom-pdf
2017-10-07T19:08:29.218Z - info: Using extension fs-store
2017-10-07T19:08:32.803Z - info: Using extension authorization
2017-10-07T19:08:32.834Z - info: Using extension images
2017-10-07T19:08:32.873Z - info: Using extension child-templates
2017-10-07T19:08:32.915Z - info: Using extension browser-client
2017-10-07T19:08:32.929Z - info: Using extension licensing
2017-10-07T19:08:33.444Z - info: Using extension data
2017-10-07T19:08:33.464Z - info: Using extension text
2017-10-07T19:08:33.476Z - info: Using extension reports
2017-10-07T19:08:33.524Z - info: Using extension resources
2017-10-07T19:08:33.530Z - info: Using extension base
2017-10-07T19:08:33.536Z - info: Using extension studio
2017-10-07T19:08:34.572Z - info: Using extension html-to-xlsx
2017-10-07T19:08:35.664Z - info: Using extension scripts
2017-10-07T19:08:35.690Z - info: Using extension assets
2017-10-07T19:08:35.779Z - info: Using extension scheduling
2017-10-07T19:08:35.991Z - info: Using extension xlsx
2017-10-07T19:08:37.869Z - info: Using extension sample-template
2017-10-07T19:08:37.893Z - info: Using extension public-templates
2017-10-07T19:08:37.957Z - info: Initializing fs storage at C:\xampp\htdocs\megatrend\data
2017-10-07T19:08:38.216Z - info: Creating default express app.
2017-10-07T19:08:38.965Z - info: jsreport server successfully started on http port: 5488
2017-10-07T19:08:39.068Z - info: Verifying license key free
2017-10-07T19:08:39.075Z - info: Using free license
2017-10-07T19:08:39.747Z - info: reporter initialized
>>>>>>> origin/admin
